time taken: 1.8771297931671143 seconds
EPOCH 0
TRAINING
Loss 354.4967434611017
Accuracy 0.15431584790452402
Precision [0.09756098 0.03333333 0.20196672 0.         0.17479191 0.11726384
 0.07035176 0.12947658 0.06481481 0.03669725 0.11792453]
VALIDATION
Loss 138.85277090781977
Accuracy 0.18136439267886856
Precision [0.07142857 0.         0.34482759 0.2        0.18284994 0.04347826
 0.06382979 0.11111111 0.25       0.         0.1       ]
Time taken for epoch 0: 5.3689098676045734 mins
-----------------------------------------------------------------------
EPOCH 1
TRAINING
Loss 184.21505469694694
Accuracy 0.15043019705800723
Precision [0.04       0.07142857 0.1855549  0.04166667 0.16212871 0.08305648
 0.07608696 0.13011152 0.11111111 0.02564103 0.07368421]
VALIDATION
Loss 219.28653587585637
Accuracy 0.18552412645590682
Precision [0.         0.         0.20547945 0.05263158 0.2        0.07894737
 0.15909091 0.2        0.11111111 0.07407407 0.0625    ]
Time taken for epoch 1: 5.313640189170838 mins
-----------------------------------------------------------------------
EPOCH 2
TRAINING
Loss 224.18189683779454
Accuracy 0.17207882320288648
Precision [0.12244898 0.         0.20111972 0.         0.18965517 0.05691057
 0.09782609 0.09731544 0.12       0.06451613 0.01298701]
VALIDATION
Loss 322.23582541449997
Accuracy 0.13061564059900166
Precision [0.11764706 0.         0.28571429 0.2        0.20909091 0.10763454
 0.06122449 0.16129032 0.1025641  0.0625     0.07142857]
Time taken for epoch 2: 5.315328017870585 mins
-----------------------------------------------------------------------
EPOCH 3
/home/jt9744/.conda/envs/cos429/lib/python3.8/site-packages/sklearn/metrics/_classification.py:1344: UndefinedMetricWarning: Precision is ill-defined and being set to 0.0 in labels with no predicted samples. Use `zero_division` parameter to control this behavior.
  _warn_prf(average, modifier, msg_start, len(result))
TRAINING
Loss 303.8840148721375
Accuracy 0.1623646960865945
Precision [0.06818182 0.         0.19753086 0.         0.18781726 0.05988024
 0.09170306 0.12626263 0.16438356 0.01492537 0.06617647]
VALIDATION
Loss 461.1832244869106
Accuracy 0.15391014975041598
Precision [0.         0.         0.20930233 0.         0.16630197 0.05263158
 0.13888889 0.15909091 0.11764706 0.05       0.05714286]
Time taken for epoch 3: 5.493708968162537 mins
-----------------------------------------------------------------------
EPOCH 4
TRAINING
Loss 344.4225708427852
Accuracy 0.16486261448792672
Precision [0.19444444 0.09090909 0.19161677 0.         0.16023739 0.12184874
 0.1        0.14102564 0.09859155 0.         0.04918033]
VALIDATION
Loss 578.9366799504304
Accuracy 0.11397670549084858
Precision [0.08823529 0.         0.28865979 0.         0.12987013 0.03448276
 0.0996483  0.17948718 0.1        0.         0.08333333]
Time taken for epoch 4: 5.493020935853322 mins
-----------------------------------------------------------------------
EPOCH 5
TRAINING
Loss 427.55184809983274
Accuracy 0.1662503469331113
Precision [0.09302326 0.         0.20103389 0.08333333 0.17216495 0.08910891
 0.09558824 0.12765957 0.05660377 0.03448276 0.11267606]
VALIDATION
Loss 610.3013561757143
Accuracy 0.19051580698835274
Precision [0.         0.         0.20790021 0.         0.17241379 0.12
 0.07692308 0.16666667 0.         0.05882353 0.21428571]
Time taken for epoch 5: 5.47203764518102 mins
-----------------------------------------------------------------------
EPOCH 6
TRAINING
Loss 416.43065190777554
Accuracy 0.16791562586733277
Precision [0.         0.         0.19084713 0.         0.17241379 0.1025641
 0.07575758 0.11646586 0.         0.02857143 0.19626168]
VALIDATION
Loss 380.5889172829872
Accuracy 0.1638935108153078
Precision [0.14285714 0.25       0.23728814 0.14285714 0.17040816 0.14285714
 0.10526316 0.1        0.         0.         0.08695652]
Time taken for epoch 6: 5.39137316942215 mins
-----------------------------------------------------------------------
EPOCH 7
TRAINING
Loss 700.1928940222203
Accuracy 0.16930335831251736
Precision [0.         0.         0.2041791  0.09090909 0.15920916 0.08666667
 0.04878049 0.13389121 0.         0.08064516 0.24770642]
VALIDATION
Loss 390.3100542243847
Accuracy 0.13560732113144758
Precision [0.         0.25       0.17857143 0.         0.20454545 0.
 0.1        0.13446215 0.06666667 0.         0.18518519]
Time taken for epoch 7: 5.338336157798767 mins
-----------------------------------------------------------------------
EPOCH 8
TRAINING
Loss 576.1555086146432
Accuracy 0.1623646960865945
Precision [0.         0.         0.21202532 0.         0.16232128 0.10574018
 0.15196078 0.11264368 0.09433962 0.08823529 0.02222222]
VALIDATION
Loss 391.99661140796564
Accuracy 0.08818635607321132
Precision [0.         0.25       0.13793103 0.         0.17241379 0.05882353
 0.08227848 0.0952381  0.23076923 0.05       0.        ]
Time taken for epoch 8: 5.346539787451426 mins
-----------------------------------------------------------------------
EPOCH 9
TRAINING
Loss 388.5269674551454
Accuracy 0.17568692756036636
Precision [0.1        0.         0.21304348 0.         0.14203455 0.06741573
 0.12755102 0.15529412 0.15555556 0.06557377 0.02777778]
VALIDATION
Loss 419.9341576552588
Accuracy 0.14392678868552414
Precision [0.16666667 0.         0.15942029 0.         0.1498994  0.09090909
 0.08695652 0.1        0.05882353 0.15       0.        ]
Time taken for epoch 9: 5.365798993905385 mins
-----------------------------------------------------------------------
EPOCH 10
/home/jt9744/.conda/envs/cos429/lib/python3.8/site-packages/sklearn/metrics/_classification.py:1344: UndefinedMetricWarning: Precision is ill-defined and being set to 0.0 in labels with no predicted samples. Use `zero_division` parameter to control this behavior.
  _warn_prf(average, modifier, msg_start, len(result))
TRAINING
Loss 470.9001442299655
Accuracy 0.17762975298362477
Precision [0.05882353 0.         0.21031746 0.         0.17119244 0.07638889
 0.08633094 0.140625   0.14634146 0.01538462 0.06349206]
VALIDATION
Loss 656.8235503750399
Accuracy 0.21880199667221298
Precision [0.         0.         0.23476523 0.         0.23529412 0.11111111
 0.08823529 0.10714286 0.5        0.05882353 0.0625    ]
Time taken for epoch 10: 5.344440344969431 mins
-----------------------------------------------------------------------
EPOCH 11
TRAINING
Loss 632.724773851458
Accuracy 0.17374410213710798
Precision [0.         0.1        0.20258835 0.         0.16129032 0.08333333
 0.125      0.08602151 0.18918919 0.01694915 0.125     ]
VALIDATION
Loss 871.4257028063466
Accuracy 0.19717138103161397
Precision [0.         0.         0.21632653 0.         0.125      0.09375
 0.10714286 0.15384615 0.25       0.0625     0.05263158]
Time taken for epoch 11: 5.348813645044962 mins
-----------------------------------------------------------------------
EPOCH 12
TRAINING
Loss 583.9154417937482
Accuracy 0.17096863724673883
Precision [0.09090909 0.         0.20735786 0.08333333 0.16842105 0.1147541
 0.08080808 0.12201592 0.05263158 0.         0.05434783]
VALIDATION
Loss 528.2940166508856
Accuracy 0.10149750415973377
Precision [0.         0.         0.1625     0.         0.22222222 0.09770688
 0.15789474 0.09090909 0.         0.         0.        ]
Time taken for epoch 12: 5.352869729200999 mins
-----------------------------------------------------------------------
EPOCH 13
TRAINING
Loss 604.100692261289
Accuracy 0.16902581182348042
Precision [0.04347826 0.         0.19902266 0.125      0.14983165 0.12269939
 0.10833333 0.09090909 0.19444444 0.01851852 0.        ]
VALIDATION
Loss 566.4260899557555
Accuracy 0.19800332778702162
Precision [0.16666667 0.28571429 0.21626984 0.         0.125      0.03703704
 0.07407407 0.08695652 0.125      0.14285714 0.1       ]
Time taken for epoch 13: 5.368399218718211 mins
-----------------------------------------------------------------------
EPOCH 14
TRAINING
Loss 612.7014933794819
Accuracy 0.17207882320288648
Precision [0.15       0.         0.20664207 0.11111111 0.13804714 0.06578947
 0.11428571 0.10989011 0.09090909 0.06666667 0.02040816]
VALIDATION
Loss 741.6206869379548
Accuracy 0.11231281198003328
Precision [0.         0.         0.26923077 0.         0.28571429 0.09950249
 0.11538462 0.15151515 0.25       0.05882353 0.        ]
Time taken for epoch 14: 5.39573282400767 mins
-----------------------------------------------------------------------
EPOCH 15
TRAINING
Loss 681.7543873668047
Accuracy 0.17596447404940327
Precision [0.0952381  0.         0.20666058 0.         0.16757493 0.04065041
 0.03846154 0.12418301 0.19354839 0.01923077 0.05769231]
VALIDATION
Loss 743.460470602532
Accuracy 0.19883527454242927
Precision [0.16666667 0.         0.21847071 0.         0.08888889 0.
 0.225      0.15384615 0.07692308 0.         0.        ]
Time taken for epoch 15: 5.409903951485952 mins
-----------------------------------------------------------------------
EPOCH 16
TRAINING
Loss 716.8267969705391
Accuracy 0.17513183458229253
Precision [0.08333333 0.16666667 0.20857988 0.         0.15866388 0.07352941
 0.08536585 0.11881188 0.1        0.03389831 0.01923077]
VALIDATION
Loss 792.0613390768855
Accuracy 0.19384359400998336
Precision [0.1        0.         0.21218075 0.         0.12195122 0.11764706
 0.06060606 0.11627907 0.22222222 0.         0.        ]
Time taken for epoch 16: 5.374477422237396 mins
-----------------------------------------------------------------------
EPOCH 17
TRAINING
Loss 688.4536742391349
Accuracy 0.1845684152095476
Precision [0.21428571 0.         0.20757299 0.         0.15534979 0.10526316
 0.16438356 0.18666667 0.09090909 0.02564103 0.09090909]
VALIDATION
Loss 621.2036651776842
Accuracy 0.15474209650582363
Precision [0.         0.         0.23636364 0.         0.15814851 0.
 0.12       0.14285714 0.16666667 0.         0.08333333]
Time taken for epoch 17: 5.356533340613047 mins
-----------------------------------------------------------------------
EPOCH 18
TRAINING
Loss 786.3690648118545
Accuracy 0.18040521787399388
Precision [0.09090909 0.         0.20549242 0.         0.16438356 0.06666667
 0.07070707 0.17368421 0.20689655 0.02380952 0.08433735]
VALIDATION
Loss 906.153006033464
Accuracy 0.15640599001663893
Precision [0.         0.         0.22666667 0.         0.1563745  0.03333333
 0.14814815 0.24       0.1        0.14285714 0.06666667]
Time taken for epoch 18: 5.345376074314117 mins
-----------------------------------------------------------------------
EPOCH 19
TRAINING
Loss 855.9290555101352
Accuracy 0.16985845129059118
Precision [0.07692308 0.         0.20167286 0.         0.15224535 0.02857143
 0.04347826 0.09090909 0.15       0.04651163 0.08695652]
VALIDATION
Loss 903.0165924158963
Accuracy 0.19384359400998336
Precision [0.14285714 0.         0.20702754 0.         0.14285714 0.04545455
 0.08333333 0.21428571 0.1        0.08333333 0.        ]
Time taken for epoch 19: 5.350892285505931 mins
-----------------------------------------------------------------------
EPOCH 20
TRAINING
Loss 864.8044783798281
Accuracy 0.176797113516514
Precision [0.17647059 0.1        0.20446429 0.         0.15508685 0.05357143
 0.06779661 0.11551155 0.16666667 0.         0.08333333]
VALIDATION
Loss 785.9031074904213
Accuracy 0.18885191347753744
Precision [0.         0.         0.20689655 0.         0.17073171 0.03846154
 0.         0.07692308 0.08333333 0.         0.        ]
Time taken for epoch 20: 5.404640281200409 mins
-----------------------------------------------------------------------
EPOCH 21
TRAINING
Loss 845.7304303992818
Accuracy 0.1729114626699972
Precision [0.15384615 0.         0.19417963 0.         0.17348928 0.1091954
 0.08333333 0.10650888 0.17391304 0.05128205 0.07894737]
VALIDATION
Loss 4027.213730405185
Accuracy 0.20133111480865223
Precision [0.         0.         0.21669794 0.         0.14814815 0.14285714
 0.09090909 0.07407407 0.125      0.         0.        ]
Time taken for epoch 21: 5.365511592229208 mins
-----------------------------------------------------------------------
EPOCH 22
TRAINING
Loss 959.2150593243147
Accuracy 0.17790729947266168
Precision [0.1        0.         0.19773756 0.07692308 0.16993464 0.08571429
 0.08724832 0.18604651 0.         0.025      0.05128205]
VALIDATION
Loss 795.8438666783088
Accuracy 0.20299500831946754
Precision [0.         0.33333333 0.21348315 0.         0.16       0.14285714
 0.09090909 0.125      0.16666667 0.125      0.05263158]
Time taken for epoch 22: 5.39083456993103 mins
-----------------------------------------------------------------------
EPOCH 23
TRAINING
Loss 1179.0072392644645
Accuracy 0.17901748542880933
Precision [0.08333333 0.         0.20572002 0.         0.16010059 0.12307692
 0.10294118 0.12426036 0.0952381  0.05263158 0.09090909]
VALIDATION
Loss 1082.3516936755377
Accuracy 0.1913477537437604
Precision [0.         0.         0.20640905 0.         0.12       0.07692308
 0.03571429 0.125      0.14285714 0.         0.0625    ]
Time taken for epoch 23: 5.44930180311203 mins
-----------------------------------------------------------------------
EPOCH 24
