time taken: 0.7393498420715332 seconds
EPOCH 0
TRAINING
Loss 2.2004028598357435
Accuracy 0.28365251179572576
Precision [0.12       0.         0.35968723 0.28571429 0.20909091 0.2408377
 0.18326693 0.23644252 0.31155779 0.22641509 0.45634921]
VALIDATION
Loss 1.8239794127212083
Accuracy 0.3968386023294509
Precision [0.         0.         0.4987013  0.4        0.28977273 0.41304348
 0.425      0.31843575 0.36263736 0.46666667 0.36912752]
Time taken for epoch 0: 4.615510892868042 mins
-----------------------------------------------------------------------
EPOCH 1
/home/jt9744/.conda/envs/cos429/lib/python3.8/site-packages/sklearn/metrics/_classification.py:1344: UndefinedMetricWarning: Precision is ill-defined and being set to 0.0 in labels with no predicted samples. Use `zero_division` parameter to control this behavior.
  _warn_prf(average, modifier, msg_start, len(result))
TRAINING
Loss 1.8300456787740755
Accuracy 0.382736608381904
Precision [0.26086957 0.         0.46505376 0.15384615 0.28237129 0.31168831
 0.2962963  0.31404959 0.51239669 0.29591837 0.56470588]
VALIDATION
Loss 1.7617649657667176
Accuracy 0.4001663893510815
Precision [0.23076923 0.         0.5        0.         0.33828996 0.22478386
 0.25       0.5625     0.72727273 0.47368421 0.875     ]
Time taken for epoch 1: 4.380564240614573 mins
-----------------------------------------------------------------------
EPOCH 2
/home/jt9744/.conda/envs/cos429/lib/python3.8/site-packages/sklearn/metrics/_classification.py:1344: UndefinedMetricWarning: Precision is ill-defined and being set to 0.0 in labels with no predicted samples. Use `zero_division` parameter to control this behavior.
  _warn_prf(average, modifier, msg_start, len(result))
TRAINING
Loss 1.6350751922071145
Accuracy 0.4579517069109076
Precision [0.17741935 0.         0.53122088 0.3125     0.36238532 0.37411765
 0.4375     0.41758242 0.61538462 0.41666667 0.59786477]
VALIDATION
Loss 1.595850211037092
Accuracy 0.4667221297836938
Precision [0.3        0.         0.58888889 0.         0.35971223 0.41666667
 0.33333333 0.47916667 0.77083333 0.34693878 0.52941176]
Time taken for epoch 2: 4.398544637362162 mins
-----------------------------------------------------------------------
EPOCH 3
/home/jt9744/.conda/envs/cos429/lib/python3.8/site-packages/sklearn/metrics/_classification.py:1344: UndefinedMetricWarning: Precision is ill-defined and being set to 0.0 in labels with no predicted samples. Use `zero_division` parameter to control this behavior.
  _warn_prf(average, modifier, msg_start, len(result))
TRAINING
Loss 1.518330984003326
Accuracy 0.4884818207049681
Precision [0.24358974 0.         0.57465619 0.38235294 0.38520801 0.39473684
 0.40955631 0.44849785 0.68444444 0.54166667 0.61433447]
VALIDATION
Loss 1.6702512891824581
Accuracy 0.4600665557404326
Precision [0.33333333 0.14285714 0.63050847 0.29411765 0.32093023 0.40816327
 0.34031414 0.41884817 0.86842105 0.4137931  0.64367816]
Time taken for epoch 3: 4.412166035175323 mins
-----------------------------------------------------------------------
EPOCH 4
TRAINING
Loss 1.4125453124746392
Accuracy 0.52067721343325
Precision [0.26373626 0.14285714 0.60992908 0.42553191 0.41509434 0.46456693
 0.46666667 0.50619835 0.70292887 0.46979866 0.58965517]
VALIDATION
Loss 1.5851325565133214
Accuracy 0.4750415973377704
Precision [0.14285714 0.         0.6516129  0.13333333 0.32209738 0.33532934
 0.37606838 0.49137931 0.89189189 0.52941176 0.65822785]
Time taken for epoch 4: 4.502938012282054 mins
-----------------------------------------------------------------------
EPOCH 5
TRAINING
Loss 1.3075656337751247
Accuracy 0.5709131279489315
Precision [0.39622642 0.42857143 0.6293279  0.40677966 0.50166113 0.49367089
 0.55892256 0.51138716 0.78661088 0.55844156 0.67924528]
VALIDATION
Loss 1.637334321156021
Accuracy 0.4667221297836938
Precision [0.25714286 0.33333333 0.52278177 0.         0.36597938 0.31034483
 0.58333333 0.38121547 0.75757576 0.89473684 0.65168539]
Time taken for epoch 5: 4.390936442216238 mins
-----------------------------------------------------------------------
EPOCH 6
/home/jt9744/.conda/envs/cos429/lib/python3.8/site-packages/sklearn/metrics/_classification.py:1344: UndefinedMetricWarning: Precision is ill-defined and being set to 0.0 in labels with no predicted samples. Use `zero_division` parameter to control this behavior.
  _warn_prf(average, modifier, msg_start, len(result))
TRAINING
Loss 1.215799623331535
Accuracy 0.6003330557868443
Precision [0.46923077 0.33333333 0.66595289 0.47619048 0.50660066 0.54744526
 0.61386139 0.55030801 0.78571429 0.6013986  0.68320611]
VALIDATION
Loss 1.6650738991981695
Accuracy 0.47920133111480867
Precision [0.256      0.66666667 0.59878419 0.28888889 0.41573034 0.28488372
 0.45283019 0.56410256 0.63888889 0.58333333 0.60416667]
Time taken for epoch 6: 4.508763817946116 mins
-----------------------------------------------------------------------
EPOCH 7
TRAINING
Loss 1.120326228212782
Accuracy 0.6344712739383847
Precision [0.5        0.25       0.71396648 0.50617284 0.52287582 0.56887755
 0.66772152 0.59477124 0.81327801 0.67567568 0.72401434]
VALIDATION
Loss 1.610612186025982
Accuracy 0.4891846921797005
Precision [0.75       0.         0.64918033 0.         0.33458647 0.32211538
 0.46666667 0.49137931 0.70114943 0.5        0.62686567]
Time taken for epoch 7: 4.396016259988149 mins
-----------------------------------------------------------------------
EPOCH 8
/home/jt9744/.conda/envs/cos429/lib/python3.8/site-packages/sklearn/metrics/_classification.py:1344: UndefinedMetricWarning: Precision is ill-defined and being set to 0.0 in labels with no predicted samples. Use `zero_division` parameter to control this behavior.
  _warn_prf(average, modifier, msg_start, len(result))
TRAINING
Loss 1.0512142708096808
Accuracy 0.655842353594227
Precision [0.5443038  0.39473684 0.73272933 0.38461538 0.58069884 0.5925
 0.7        0.60801782 0.82879377 0.60377358 0.70979021]
VALIDATION
Loss 1.7113053311001172
Accuracy 0.4825291181364393
Precision [0.         0.16666667 0.58119658 0.33333333 0.43925234 0.41
 0.4        0.34814815 0.59130435 0.59375    0.82978723]
Time taken for epoch 8: 4.432315572102865 mins
-----------------------------------------------------------------------
EPOCH 9
TRAINING
Loss 0.92875265414695
Accuracy 0.6963641409936164
Precision [0.68518519 0.44680851 0.76334107 0.52542373 0.62398703 0.62273902
 0.70679012 0.66367713 0.8852459  0.64814815 0.73720137]
VALIDATION
Loss 1.677124681058994
Accuracy 0.49001663893510816
Precision [0.36       0.3125     0.54368932 0.25641026 0.5        0.3877551
 0.42748092 0.41397849 0.69892473 0.58064516 0.46610169]
Time taken for epoch 9: 4.444578735033671 mins
-----------------------------------------------------------------------
EPOCH 10
TRAINING
Loss 0.8886347903439212
Accuracy 0.7058007216208715
Precision [0.61627907 0.5        0.76849642 0.54945055 0.66784452 0.61989796
 0.72948328 0.64693446 0.83703704 0.7615894  0.76702509]
VALIDATION
Loss 1.891750826323328
Accuracy 0.4750415973377704
Precision [0.16       0.         0.52073733 0.30769231 0.34645669 0.33333333
 0.59677419 0.4796748  0.72727273 0.44444444 0.84615385]
Time taken for epoch 10: 4.489530511697134 mins
-----------------------------------------------------------------------
EPOCH 11
TRAINING
Loss 0.8236521968096907
Accuracy 0.7324451845684152
Precision [0.65104167 0.47169811 0.78991597 0.61643836 0.69270833 0.65885417
 0.77777778 0.71490281 0.86206897 0.70512821 0.75      ]
VALIDATION
Loss 1.8146958747678552
Accuracy 0.4600665557404326
Precision [0.38461538 0.29411765 0.67953668 0.38461538 0.29354839 0.29530201
 0.5        0.50925926 0.7027027  0.63157895 0.41333333]
Time taken for epoch 11: 4.516579651832581 mins
-----------------------------------------------------------------------
EPOCH 12
TRAINING
Loss 0.7282722005491606
Accuracy 0.7549264501804053
Precision [0.75882353 0.41666667 0.80288462 0.55421687 0.72073579 0.69587629
 0.77245509 0.73529412 0.89312977 0.71621622 0.7972028 ]
VALIDATION
Loss 1.7571477338302235
Accuracy 0.4933444259567388
Precision [0.375      0.26666667 0.63525836 0.2972973  0.39597315 0.31958763
 0.39102564 0.44852941 0.71764706 0.43939394 0.56521739]
Time taken for epoch 12: 4.4155864238739015 mins
-----------------------------------------------------------------------
EPOCH 13
TRAINING
Loss 0.7016985433129723
Accuracy 0.7707466000555093
Precision [0.7486631  0.51724138 0.80024067 0.64772727 0.7697479  0.71128609
 0.77647059 0.75235849 0.88122605 0.70987654 0.82608696]
VALIDATION
Loss 1.912664568621265
Accuracy 0.49417637271214643
Precision [0.4        0.18918919 0.63071895 0.46666667 0.46666667 0.31506849
 0.51898734 0.41666667 0.64948454 0.67647059 0.40361446]
Time taken for epoch 13: 4.485816156864166 mins
-----------------------------------------------------------------------
EPOCH 14
TRAINING
Loss 0.6238599220017317
Accuracy 0.7932278656674993
Precision [0.8        0.57333333 0.82783883 0.64367816 0.76678445 0.73697917
 0.83128834 0.76367615 0.900369   0.77931034 0.83093525]
VALIDATION
Loss 1.9255002988271477
Accuracy 0.5091514143094842
Precision [0.48387097 0.31034483 0.65045593 0.33333333 0.37916667 0.34615385
 0.53030303 0.45512821 0.72368421 0.55319149 0.54651163]
Time taken for epoch 14: 4.419821532567342 mins
-----------------------------------------------------------------------
EPOCH 15
TRAINING
Loss 0.5960275588293981
Accuracy 0.8029419927837913
Precision [0.72959184 0.68656716 0.8325062  0.66315789 0.78003384 0.74934037
 0.84319527 0.79271071 0.90073529 0.79054054 0.84558824]
VALIDATION
Loss 2.015376200607
Accuracy 0.49168053244592347
Precision [0.31428571 0.42857143 0.5899705  0.30769231 0.39411765 0.33333333
 0.47826087 0.45070423 0.72       0.54385965 0.55445545]
Time taken for epoch 15: 4.411719675858816 mins
-----------------------------------------------------------------------
EPOCH 16
TRAINING
Loss 0.5098280015006826
Accuracy 0.835692478490147
Precision [0.81447964 0.67142857 0.86219975 0.64835165 0.84801382 0.784
 0.84319527 0.82407407 0.93090909 0.79113924 0.86446886]
VALIDATION
Loss 2.0900896780254428
Accuracy 0.4950083194675541
Precision [0.5        0.32       0.56992084 0.27272727 0.35384615 0.33082707
 0.578125   0.512      0.81034483 0.67857143 0.55339806]
Time taken for epoch 16: 4.41878784497579 mins
-----------------------------------------------------------------------
EPOCH 17
TRAINING
Loss 0.4644434637392657
Accuracy 0.8531779072994726
Precision [0.86567164 0.71014493 0.87640449 0.82291667 0.81925676 0.79736842
 0.86102719 0.84490741 0.91941392 0.87248322 0.89964158]
VALIDATION
Loss 2.242948988498735
Accuracy 0.48336106489184694
Precision [0.20618557 0.25       0.6163522  0.57142857 0.41578947 0.36428571
 0.41121495 0.42465753 0.68674699 0.86666667 0.63291139]
Time taken for epoch 17: 4.39570327202479 mins
-----------------------------------------------------------------------
EPOCH 18
TRAINING
Loss 0.40142276221912077
Accuracy 0.8728837080210935
Precision [0.81415929 0.78461538 0.87660668 0.8125     0.87304348 0.86178862
 0.90265487 0.86104784 0.94525547 0.87662338 0.875     ]
VALIDATION
Loss 2.1765068074888436
Accuracy 0.5049916805324459
Precision [0.44444444 0.25714286 0.63961039 0.27272727 0.42857143 0.30434783
 0.58571429 0.54054054 0.59259259 0.6        0.52586207]
Time taken for epoch 18: 4.4788513819376625 mins
-----------------------------------------------------------------------
EPOCH 19
TRAINING
Loss 0.419727427534078
Accuracy 0.8623369414376908
Precision [0.81775701 0.81333333 0.88416988 0.85858586 0.84380306 0.82666667
 0.89123867 0.84474886 0.9270073  0.8164557  0.89377289]
VALIDATION
Loss 2.5081269244763478
Accuracy 0.4750415973377704
Precision [0.28571429 0.3        0.64788732 0.29310345 0.35267857 0.31210191
 0.62       0.56666667 0.58252427 0.7        0.46017699]
Time taken for epoch 19: 4.423421744505564 mins
-----------------------------------------------------------------------
EPOCH 20
TRAINING
Loss 0.38341945844993947
Accuracy 0.884263114071607
Precision [0.87614679 0.77464789 0.90168176 0.78846154 0.89672978 0.84986595
 0.91445428 0.88657407 0.9133574  0.83116883 0.886121  ]
VALIDATION
Loss 2.1854312533189444
Accuracy 0.5183028286189684
Precision [0.29577465 0.31818182 0.62883436 0.32352941 0.44171779 0.42857143
 0.46067416 0.4893617  0.64197531 0.57142857 0.64210526]
Time taken for epoch 20: 4.482668093840281 mins
-----------------------------------------------------------------------
EPOCH 21
TRAINING
Loss 0.30863700179258036
Accuracy 0.9034138218151541
Precision [0.87962963 0.86666667 0.91839378 0.83653846 0.91237113 0.87903226
 0.90149254 0.90531178 0.94661922 0.88461538 0.89530686]
VALIDATION
Loss 2.344391610750482
Accuracy 0.49168053244592347
Precision [0.53846154 0.33333333 0.65734266 0.34782609 0.3540856  0.42307692
 0.39655172 0.48120301 0.62886598 0.59375    0.44366197]
Time taken for epoch 21: 4.484326140085856 mins
-----------------------------------------------------------------------
EPOCH 22
TRAINING
Loss 0.28498824761143354
Accuracy 0.9078545656397446
Precision [0.8744186  0.79746835 0.92156863 0.84761905 0.90239726 0.90243902
 0.94378698 0.89814815 0.92805755 0.91139241 0.91785714]
VALIDATION
Loss 2.3427571858748917
Accuracy 0.5041597337770383
Precision [0.39130435 0.38461538 0.63782051 0.20547945 0.43258427 0.34482759
 0.44444444 0.47402597 0.57627119 0.5        0.61702128]
Time taken for epoch 22: 4.453828783830007 mins
-----------------------------------------------------------------------
EPOCH 23
TRAINING
Loss 0.2593175514789499
Accuracy 0.9175686927560366
Precision [0.89814815 0.85135135 0.93552632 0.88235294 0.89491525 0.90159574
 0.95238095 0.91533181 0.95636364 0.90506329 0.91397849]
VALIDATION
Loss 2.5066853177941537
Accuracy 0.49750415973377704
Precision [0.30120482 0.33333333 0.6231003  0.31578947 0.37820513 0.34782609
 0.4893617  0.43478261 0.74666667 0.60526316 0.54782609]
Time taken for epoch 23: 4.496277038256327 mins
-----------------------------------------------------------------------
EPOCH 24
TRAINING
Loss 0.2590047529639955
Accuracy 0.9192339716902581
Precision [0.89956332 0.85       0.92904074 0.87128713 0.91794872 0.8972973
 0.92537313 0.91860465 0.96389892 0.89308176 0.94202899]
VALIDATION
Loss 2.685209155821603
Accuracy 0.48502495840266224
Precision [0.29787234 0.23255814 0.63945578 0.42857143 0.39189189 0.35251799
 0.39423077 0.4939759  0.62135922 0.58333333 0.52991453]
Time taken for epoch 24: 4.497308806578318 mins
-----------------------------------------------------------------------
EPOCH 25
TRAINING
Loss 0.2540928039975836
Accuracy 0.9153483208437413
Precision [0.9212963  0.90666667 0.9178618  0.92079208 0.90753425 0.91869919
 0.93413174 0.89702517 0.95683453 0.86503067 0.91039427]
VALIDATION
Loss 2.544431428094048
Accuracy 0.5083194675540765
Precision [0.32786885 0.125      0.63414634 0.34375    0.44680851 0.34831461
 0.56923077 0.51677852 0.57758621 0.51851852 0.52941176]
Time taken for epoch 25: 4.4619473377863565 mins
-----------------------------------------------------------------------
EPOCH 26
TRAINING
Loss 0.2287696150863231
Accuracy 0.9272828198723286
Precision [0.89732143 0.92307692 0.95125165 0.95876289 0.91408935 0.90909091
 0.92168675 0.92343387 0.95818815 0.88888889 0.93140794]
VALIDATION
Loss 2.6331947582566047
Accuracy 0.5049916805324459
Precision [0.33333333 0.31034483 0.67021277 0.29411765 0.40873016 0.4
 0.37195122 0.60465116 0.82352941 0.53333333 0.55140187]
Time taken for epoch 26: 4.425197366873423 mins
-----------------------------------------------------------------------
EPOCH 27
